<?xml version="1.0" encoding="UTF-8"?>
<!-- Generated by org.testng.reporters.JUnitReportReporter -->
<testsuite skipped="0" hostname="DESKTOP-N52SP9I" name="TestCases.MercuryUI" tests="1" failures="0" timestamp="25 Apr 2018 01:28:35 GMT" time="13.208" errors="0">
  <testcase name="LoginAndScheduleFlight_BackToHome" time="13.208" classname="TestCases.MercuryUI"/>
</testsuite> <!-- TestCases.MercuryUI -->
