<?xml version="1.0" encoding="UTF-8"?>
<!-- Generated by org.testng.reporters.JUnitReportReporter -->
<testsuite skipped="0" hostname="DESKTOP-N52SP9I" name="Microsoft_TestCases.TestCases" tests="1" failures="0" timestamp="17 Feb 2018 06:29:59 GMT" time="33.895" errors="0">
  <testcase name="GameFlow" time="33.895" classname="Microsoft_TestCases.TestCases"/>
</testsuite> <!-- Microsoft_TestCases.TestCases -->
