<?xml version="1.0" encoding="UTF-8"?>
<!-- Generated by org.testng.reporters.JUnitReportReporter -->
<testsuite skipped="0" hostname="DESKTOP-N52SP9I" name="Microsoft_TestCases.TestCases" tests="1" failures="0" timestamp="27 Mar 2018 00:53:47 GMT" time="17.567" errors="0">
  <testcase name="FlujoSupport" time="17.567" classname="Microsoft_TestCases.TestCases"/>
</testsuite> <!-- Microsoft_TestCases.TestCases -->
