<?xml version="1.0" encoding="UTF-8"?>
<!-- Generated by org.testng.reporters.JUnitReportReporter -->
<testsuite skipped="0" hostname="DESKTOP-N52SP9I" name="TestCases" tests="1" failures="0" timestamp="17 Jan 2018 05:01:37 GMT" time="12.006" errors="0">
  <testcase name="FristScript" time="12.006" classname="TestCases"/>
</testsuite> <!-- TestCases -->
